\BOOKMARK [0][-]{chapter.1}{Das LHCb-Experiment}{}% 1
\BOOKMARK [0][-]{chapter.2}{CP-Verletzung in B-Meson-Systemen}{}% 2
\BOOKMARK [1][-]{section.2.1}{B-Mesonen und der Zerfallskanal Bd0 J/Ks0}{chapter.2}% 3
\BOOKMARK [2][-]{subsection.2.1.1}{Das Standardmodell der Teilchenphysik}{section.2.1}% 4
\BOOKMARK [2][-]{subsection.2.1.2}{B-Mesonen und ihre Mischung}{section.2.1}% 5
\BOOKMARK [2][-]{subsection.2.1.3}{Der Zerfallskanal Bd0 J/Ks0}{section.2.1}% 6
\BOOKMARK [1][-]{section.2.2}{Diskrete Symmetrietransformationen}{chapter.2}% 7
\BOOKMARK [2][-]{subsection.2.2.1}{Scheinbare CP-Invarianz}{section.2.2}% 8
\BOOKMARK [1][-]{section.2.3}{CP-Verletzung in der Mischung}{chapter.2}% 9
\BOOKMARK [1][-]{section.2.4}{Direkte CP-Verletzung}{chapter.2}% 10
\BOOKMARK [1][-]{section.2.5}{CP-Verletzung in der Interferenz}{chapter.2}% 11
\BOOKMARK [1][-]{section.2.6}{CKM-Formalismus}{chapter.2}% 12
\BOOKMARK [0][-]{chapter.3}{Datenselektion}{}% 13
\BOOKMARK [0][-]{chapter.4}{Analyse / Fit}{}% 14
\BOOKMARK [1][-]{section.4.1}{Fitmethode SFit}{chapter.4}% 15
\BOOKMARK [1][-]{section.4.2}{Wahrscheinlichkeitsdichtefunktion}{chapter.4}% 16
\BOOKMARK [1][-]{section.4.3}{Fitergebnis}{chapter.4}% 17
\BOOKMARK [0][-]{chapter.5}{Absch\344tzung systematischer Fehler}{}% 18
\BOOKMARK [1][-]{section.5.1}{Fit Bias}{chapter.5}% 19
\BOOKMARK [1][-]{section.5.2}{Tagging Kalibration}{chapter.5}% 20
\BOOKMARK [1][-]{section.5.3}{Einfluss der zeitlichen Akzeptanz}{chapter.5}% 21
\BOOKMARK [2][-]{subsection.5.3.1}{Bestimmung einer Akzeptanzfunktion}{section.5.3}% 22
\BOOKMARK [2][-]{subsection.5.3.2}{Bestimmung des Einflusses}{section.5.3}% 23
\BOOKMARK [1][-]{section.5.4}{Gleichf\366rmigkeit der Massenverteilung}{chapter.5}% 24
\BOOKMARK [0][-]{chapter.6}{Zusammenfassung}{}% 25
\BOOKMARK [0][-]{section*.6}{Glossary}{}% 26
